1522235531,,ui,say,==> amazon-linux-ami: Prevalidating AMI Name: nomad-consul-docker-amazon-linux-2018-03-28T11-12-11Z
1522235531,,ui,say,==> ubuntu16-ami: Prevalidating AMI Name: nomad-consul-docker-ubuntu-2018-03-28T11-12-11Z
1522235538,,ui,message,    ubuntu16-ami: Found Image ID: ami-43a15f3e
1522235538,,ui,say,==> ubuntu16-ami: Creating temporary keypair: packer_5abb788b-2841-6fdc-0fac-4ae731daa830
1522235539,,ui,say,==> ubuntu16-ami: Creating temporary security group for this instance: packer_5abb7893-3f56-6695-6daa-97624e4dd140
1522235539,,ui,say,==> ubuntu16-ami: Authorizing access to port 22 from 0.0.0.0/0 in the temporary security group...
1522235540,,ui,say,==> ubuntu16-ami: Launching a source AWS instance...
1522235540,,ui,say,==> ubuntu16-ami: Adding tags to source instance
1522235540,,ui,message,    ubuntu16-ami: Adding tag: "Name": "Packer Builder"
1522235541,,ui,message,    ubuntu16-ami: Instance ID: i-0ce266182161b9c64
1522235541,,ui,say,==> ubuntu16-ami: Waiting for instance (i-0ce266182161b9c64) to become ready...
1522235564,,ui,message,    amazon-linux-ami: Found Image ID: ami-07fc3cb791f32513e
1522235564,,ui,say,==> amazon-linux-ami: Creating temporary keypair: packer_5abb788b-eb9f-be56-05e1-e669c122ecc1
1522235564,,ui,say,==> amazon-linux-ami: Creating temporary security group for this instance: packer_5abb78ac-0e1f-6d9d-647c-8100a5fde2d9
1522235564,,ui,say,==> amazon-linux-ami: Authorizing access to port 22 from 0.0.0.0/0 in the temporary security group...
1522235565,,ui,say,==> amazon-linux-ami: Launching a source AWS instance...
1522235565,,ui,say,==> amazon-linux-ami: Adding tags to source instance
1522235565,,ui,message,    amazon-linux-ami: Adding tag: "Name": "Packer Builder"
1522235566,,ui,message,    amazon-linux-ami: Instance ID: i-0438b5f604227e50e
1522235566,,ui,say,==> amazon-linux-ami: Waiting for instance (i-0438b5f604227e50e) to become ready...
1522235572,,ui,say,==> ubuntu16-ami: Waiting for SSH to become available...
1522235573,,ui,say,==> ubuntu16-ami: Connected to SSH!
1522235573,,ui,say,==> ubuntu16-ami: Provisioning with shell script: /vagrant/infra-aws/modules/nomad-consul-ami/setup_ubuntu16.sh
1522235574,,ui,message,    ubuntu16-ami: [INFO] [script_5995.sh] Setup docker
1522235574,,ui,message,    ubuntu16-ami: OK
1522235575,,ui,message,    ubuntu16-ami: Hit:1 http://us-east-1.ec2.archive.ubuntu.com/ubuntu xenial InRelease
1522235575,,ui,message,    ubuntu16-ami: Get:2 http://us-east-1.ec2.archive.ubuntu.com/ubuntu xenial-updates InRelease [102 kB]
1522235575,,ui,message,    ubuntu16-ami: Get:3 http://us-east-1.ec2.archive.ubuntu.com/ubuntu xenial-backports InRelease [102 kB]
1522235575,,ui,message,    ubuntu16-ami: Get:4 http://us-east-1.ec2.archive.ubuntu.com/ubuntu xenial/main Sources [868 kB]
1522235575,,ui,message,    ubuntu16-ami: Get:5 https://download.docker.com/linux/ubuntu xenial InRelease [65.8 kB]
1522235575,,ui,message,    ubuntu16-ami: Get:6 http://us-east-1.ec2.archive.ubuntu.com/ubuntu xenial/restricted Sources [4%!(PACKER_COMMA)808 B]
1522235575,,ui,message,    ubuntu16-ami: Get:7 http://us-east-1.ec2.archive.ubuntu.com/ubuntu xenial/universe Sources [7%!(PACKER_COMMA)728 kB]
1522235575,,ui,message,    ubuntu16-ami: Get:8 http://us-east-1.ec2.archive.ubuntu.com/ubuntu xenial/multiverse Sources [179 kB]
1522235575,,ui,message,    ubuntu16-ami: Get:9 http://us-east-1.ec2.archive.ubuntu.com/ubuntu xenial/universe amd64 Packages [7%!(PACKER_COMMA)532 kB]
1522235575,,ui,message,    ubuntu16-ami: Get:10 http://us-east-1.ec2.archive.ubuntu.com/ubuntu xenial/universe Translation-en [4%!(PACKER_COMMA)354 kB]
1522235575,,ui,message,    ubuntu16-ami: Get:11 https://download.docker.com/linux/ubuntu xenial/stable amd64 Packages [3%!(PACKER_COMMA)542 B]
1522235575,,ui,message,    ubuntu16-ami: Get:12 http://us-east-1.ec2.archive.ubuntu.com/ubuntu xenial/multiverse amd64 Packages [144 kB]
1522235575,,ui,message,    ubuntu16-ami: Get:13 http://us-east-1.ec2.archive.ubuntu.com/ubuntu xenial/multiverse Translation-en [106 kB]
1522235575,,ui,message,    ubuntu16-ami: Get:14 http://us-east-1.ec2.archive.ubuntu.com/ubuntu xenial-updates/main Sources [302 kB]
1522235575,,ui,message,    ubuntu16-ami: Get:15 http://us-east-1.ec2.archive.ubuntu.com/ubuntu xenial-updates/restricted Sources [2%!(PACKER_COMMA)524 B]
1522235575,,ui,message,    ubuntu16-ami: Get:16 http://us-east-1.ec2.archive.ubuntu.com/ubuntu xenial-updates/universe Sources [199 kB]
1522235575,,ui,message,    ubuntu16-ami: Get:17 http://us-east-1.ec2.archive.ubuntu.com/ubuntu xenial-updates/multiverse Sources [7%!(PACKER_COMMA)948 B]
1522235575,,ui,message,    ubuntu16-ami: Get:18 http://us-east-1.ec2.archive.ubuntu.com/ubuntu xenial-updates/main amd64 Packages [744 kB]
1522235575,,ui,message,    ubuntu16-ami: Get:19 http://us-east-1.ec2.archive.ubuntu.com/ubuntu xenial-updates/main Translation-en [308 kB]
1522235575,,ui,message,    ubuntu16-ami: Get:20 http://us-east-1.ec2.archive.ubuntu.com/ubuntu xenial-updates/universe amd64 Packages [615 kB]
1522235575,,ui,message,    ubuntu16-ami: Get:21 http://us-east-1.ec2.archive.ubuntu.com/ubuntu xenial-updates/universe Translation-en [248 kB]
1522235575,,ui,message,    ubuntu16-ami: Get:22 http://us-east-1.ec2.archive.ubuntu.com/ubuntu xenial-updates/multiverse amd64 Packages [16.2 kB]
1522235575,,ui,message,    ubuntu16-ami: Get:23 http://us-east-1.ec2.archive.ubuntu.com/ubuntu xenial-updates/multiverse Translation-en [8%!(PACKER_COMMA)076 B]
1522235575,,ui,message,    ubuntu16-ami: Get:24 http://us-east-1.ec2.archive.ubuntu.com/ubuntu xenial-backports/main Sources [3%!(PACKER_COMMA)432 B]
1522235575,,ui,message,    ubuntu16-ami: Get:25 http://us-east-1.ec2.archive.ubuntu.com/ubuntu xenial-backports/universe Sources [5%!(PACKER_COMMA)816 B]
1522235576,,ui,message,    ubuntu16-ami: Get:26 http://us-east-1.ec2.archive.ubuntu.com/ubuntu xenial-backports/main amd64 Packages [4%!(PACKER_COMMA)836 B]
1522235576,,ui,message,    ubuntu16-ami: Get:27 http://us-east-1.ec2.archive.ubuntu.com/ubuntu xenial-backports/main Translation-en [3%!(PACKER_COMMA)220 B]
1522235576,,ui,message,    ubuntu16-ami: Get:28 http://us-east-1.ec2.archive.ubuntu.com/ubuntu xenial-backports/universe amd64 Packages [7%!(PACKER_COMMA)104 B]
1522235576,,ui,message,    ubuntu16-ami: Get:29 http://us-east-1.ec2.archive.ubuntu.com/ubuntu xenial-backports/universe Translation-en [3%!(PACKER_COMMA)844 B]
1522235597,,ui,say,==> amazon-linux-ami: Waiting for SSH to become available...
1522235638,,ui,message,    ubuntu16-ami: Get:30 http://security.ubuntu.com/ubuntu xenial-security InRelease [102 kB]
1522235638,,ui,message,    ubuntu16-ami: Get:31 http://security.ubuntu.com/ubuntu xenial-security/main Sources [119 kB]
1522235638,,ui,message,    ubuntu16-ami: Get:32 http://security.ubuntu.com/ubuntu xenial-security/restricted Sources [2%!(PACKER_COMMA)116 B]
1522235638,,ui,message,    ubuntu16-ami: Get:33 http://security.ubuntu.com/ubuntu xenial-security/universe Sources [62.4 kB]
1522235638,,ui,message,    ubuntu16-ami: Get:34 http://security.ubuntu.com/ubuntu xenial-security/multiverse Sources [1%!(PACKER_COMMA)520 B]
1522235639,,ui,message,    ubuntu16-ami: Get:35 http://security.ubuntu.com/ubuntu xenial-security/main amd64 Packages [465 kB]
1522235639,,ui,message,    ubuntu16-ami: Get:36 http://security.ubuntu.com/ubuntu xenial-security/main Translation-en [201 kB]
1522235639,,ui,message,    ubuntu16-ami: Get:37 http://security.ubuntu.com/ubuntu xenial-security/universe amd64 Packages [337 kB]
1522235639,,ui,message,    ubuntu16-ami: Get:38 http://security.ubuntu.com/ubuntu xenial-security/universe Translation-en [126 kB]
1522235639,,ui,message,    ubuntu16-ami: Get:39 http://security.ubuntu.com/ubuntu xenial-security/multiverse amd64 Packages [3%!(PACKER_COMMA)208 B]
1522235639,,ui,message,    ubuntu16-ami: Get:40 http://security.ubuntu.com/ubuntu xenial-security/multiverse Translation-en [1%!(PACKER_COMMA)408 B]
1522235641,,ui,message,    ubuntu16-ami: Fetched 25.1 MB in 1min 4s (386 kB/s)
1522235642,,ui,message,    ubuntu16-ami: Reading package lists...
1522235642,,ui,message,    ubuntu16-ami: docker-ce:
1522235642,,ui,message,    ubuntu16-ami:   Installed: (none)
1522235642,,ui,message,    ubuntu16-ami:   Candidate: 18.03.0~ce-0~ubuntu
1522235642,,ui,message,    ubuntu16-ami:   Version table:
1522235642,,ui,message,    ubuntu16-ami:      18.03.0~ce-0~ubuntu 500
1522235642,,ui,message,    ubuntu16-ami:         500 https://download.docker.com/linux/ubuntu xenial/stable amd64 Packages
1522235642,,ui,message,    ubuntu16-ami:      17.12.1~ce-0~ubuntu 500
1522235642,,ui,message,    ubuntu16-ami:         500 https://download.docker.com/linux/ubuntu xenial/stable amd64 Packages
1522235642,,ui,message,    ubuntu16-ami:      17.12.0~ce-0~ubuntu 500
1522235642,,ui,message,    ubuntu16-ami:         500 https://download.docker.com/linux/ubuntu xenial/stable amd64 Packages
1522235642,,ui,message,    ubuntu16-ami:      17.09.1~ce-0~ubuntu 500
1522235642,,ui,message,    ubuntu16-ami:         500 https://download.docker.com/linux/ubuntu xenial/stable amd64 Packages
1522235642,,ui,message,    ubuntu16-ami:      17.09.0~ce-0~ubuntu 500
1522235642,,ui,message,    ubuntu16-ami:         500 https://download.docker.com/linux/ubuntu xenial/stable amd64 Packages
1522235642,,ui,message,    ubuntu16-ami:      17.06.2~ce-0~ubuntu 500
1522235642,,ui,message,    ubuntu16-ami:         500 https://download.docker.com/linux/ubuntu xenial/stable amd64 Packages
1522235642,,ui,message,    ubuntu16-ami:      17.06.1~ce-0~ubuntu 500
1522235642,,ui,message,    ubuntu16-ami:         500 https://download.docker.com/linux/ubuntu xenial/stable amd64 Packages
1522235642,,ui,message,    ubuntu16-ami:      17.06.0~ce-0~ubuntu 500
1522235642,,ui,message,    ubuntu16-ami:         500 https://download.docker.com/linux/ubuntu xenial/stable amd64 Packages
1522235642,,ui,message,    ubuntu16-ami:      17.03.2~ce-0~ubuntu-xenial 500
1522235642,,ui,message,    ubuntu16-ami:         500 https://download.docker.com/linux/ubuntu xenial/stable amd64 Packages
1522235642,,ui,message,    ubuntu16-ami:      17.03.1~ce-0~ubuntu-xenial 500
1522235642,,ui,message,    ubuntu16-ami:         500 https://download.docker.com/linux/ubuntu xenial/stable amd64 Packages
1522235642,,ui,message,    ubuntu16-ami:      17.03.0~ce-0~ubuntu-xenial 500
1522235642,,ui,message,    ubuntu16-ami:         500 https://download.docker.com/linux/ubuntu xenial/stable amd64 Packages
1522235642,,ui,message,    ubuntu16-ami: Reading package lists...
1522235642,,ui,message,    ubuntu16-ami: Building dependency tree...
1522235642,,ui,message,    ubuntu16-ami: Reading state information...
1522235643,,ui,message,    ubuntu16-ami: The following additional packages will be installed:
1522235643,,ui,message,    ubuntu16-ami:   aufs-tools cgroupfs-mount libltdl7 pigz
1522235643,,ui,message,    ubuntu16-ami: Suggested packages:
1522235643,,ui,message,    ubuntu16-ami:   mountall
1522235643,,ui,message,    ubuntu16-ami: The following NEW packages will be installed:
1522235643,,ui,message,    ubuntu16-ami:   aufs-tools cgroupfs-mount docker-ce libltdl7 pigz
1522235643,,ui,message,    ubuntu16-ami: 0 upgraded%!(PACKER_COMMA) 5 newly installed%!(PACKER_COMMA) 0 to remove and 27 not upgraded.
1522235643,,ui,message,    ubuntu16-ami: Need to get 34.1 MB of archives.
1522235643,,ui,message,    ubuntu16-ami: After this operation%!(PACKER_COMMA) 182 MB of additional disk space will be used.
1522235643,,ui,message,    ubuntu16-ami: Get:1 http://us-east-1.ec2.archive.ubuntu.com/ubuntu xenial/universe amd64 pigz amd64 2.3.1-2 [61.1 kB]
1522235643,,ui,message,    ubuntu16-ami: Get:2 http://us-east-1.ec2.archive.ubuntu.com/ubuntu xenial/universe amd64 aufs-tools amd64 1:3.2+20130722-1.1ubuntu1 [92.9 kB]
1522235643,,ui,message,    ubuntu16-ami: Get:3 http://us-east-1.ec2.archive.ubuntu.com/ubuntu xenial/universe amd64 cgroupfs-mount all 1.2 [4%!(PACKER_COMMA)970 B]
1522235643,,ui,message,    ubuntu16-ami: Get:4 http://us-east-1.ec2.archive.ubuntu.com/ubuntu xenial/main amd64 libltdl7 amd64 2.4.6-0.1 [38.3 kB]
1522235643,,ui,message,    ubuntu16-ami: Get:5 https://download.docker.com/linux/ubuntu xenial/stable amd64 docker-ce amd64 18.03.0~ce-0~ubuntu [33.9 MB]
1522235644,,ui,message,    ubuntu16-ami: debconf: unable to initialize frontend: Dialog
1522235644,,ui,message,    ubuntu16-ami: debconf: (Dialog frontend will not work on a dumb terminal%!(PACKER_COMMA) an emacs shell buffer%!(PACKER_COMMA) or without a controlling terminal.)
1522235644,,ui,message,    ubuntu16-ami: debconf: falling back to frontend: Readline
1522235644,,ui,message,    ubuntu16-ami: debconf: unable to initialize frontend: Readline
1522235644,,ui,message,    ubuntu16-ami: debconf: (This frontend requires a controlling tty.)
1522235644,,ui,message,    ubuntu16-ami: debconf: falling back to frontend: Teletype
1522235644,,ui,message,    ubuntu16-ami: dpkg-preconfigure: unable to re-open stdin:
1522235644,,ui,message,    ubuntu16-ami: Fetched 34.1 MB in 1s (33.0 MB/s)
1522235644,,ui,message,    ubuntu16-ami: Selecting previously unselected package pigz.
