[   0.00000Inialinggroup subsys cpust    0.000]Initiaizg group bs cu
[  000000]Iniaizincgup subyspucct   0.00000] Lux verio 4.4.0-116-generc buldlg1-amd64-021)(gcceron 5.0 160609 (Unt 5.4.0-ubtu~1.09)) #1-Ubutu SP n eb 12213:4 UTC2018 (butu4.4.0-1640generic4.98
[   .0000] Commad ne BOO_IGE/bootvmnu-4.4.016eneri rt=ABEL=clodi-roofso onsolett consol=tS0
[    0.0000]KEELsupporedpu:
[  000000]   ntl GenuieInte
[    0.00000]   AD thenticAMD
[   00000] Cntaur CentarHls
[  000000]x8fp: xste_ffset[2]: 5, xstae_ze[2]: 2
    0.0000 x6/fpu: SuporngXSAV fate 0x01:'x foatin pntregiser
    0.000]x86/fp: uprting SA faturex0: 'SSE rgisters'
[   .0000] x86/fpu Sportg AVE eare0x0: VXregiters'[    00000 x86fp Eable xat features 0x7, ntext sie  82 besusin 'anard' fma
[   0.000] x86fp Uing 'az FU cotet itchs.[    00000 e820 BOSrovid ysicl M ap:
   0.00000] IOS82: me0x00000000000-x00000009fffusable[   0.0000] OS-e82 [em 0x0000000fc0-00000000ff] esrve
  0.000000 BS-820: [emx0000000f000-0x0000000000fffff] esrvd
[    00000] BOS82: [mem 0x00000000-0x00000ffeffffusle
[  000000] BIS-20 [me0x000003f00-0x00003ffffffACI daa    0.000]BIOS82 [mem 0x00000f000-0x000000c00fff rseved
[   00000] OS82: [mem0x0000fe000-0x0000fee00ff]esrved
[    00000] OS820:[m 000000ffc000-00000ffffff] reserved
[    0.000000] NX (Exece sable) protecio ative
[    0.000000] SMBOS.5pren
[   0.000] Hersor deecd:KVM   0.000000] e80: last_pfn = 0x3fff0 max_arch_pfn = 0x4000000
    0000] MT: Dsabl
   0.00000] 6/AT: MTRs saled,kiing T itiazaon to.
  0.00000]PUMTRRs all bla - viruaiz sysem
[   0.00000] 6/AT: onguatio [0-]:WB  WT UCUC W    C- UC 
[   0000000] fond SMP P-tblat [m 0009f0x000ff] apped a[fff8800fff0
  0.00000]Scning1 ea forowemorcoupti
   0.000 RAMDIS [m 0x3aa000-0x3754fff]
[  00000] PI Eary ble checumerifiatn isable
   0000000 AI:RSDP0x0000000000 00024(v VOX )[   0.000] AI:SDT 000000FF03 00003C (01 VBOX  BOXSDT 000001SL  00001)
    0.000000] ACPI: FACP 0x0000000FF000 0000F4 (v04 VBOX  VOXCP 000000ASL 00061)
[   000000AC: DSDT 00000003FF040 021FF (v02 VBOX   VBOXBIOS 000002 TL 201028
    .0000]ACPI: FACS 0x000003FF0200 00040
[    0.000000] ACPI: FACS 0x0000003FFF0200 000040
[    00000] CPI: APIC 0000003FFF0240 00005C (v02 VBOX   VBOXAPIC 0000000 A  00001)
[   0.000] API ST 0x00003FF2A0001CC (v VOX  VBXCT 000000 IL 0105)
[   00000]  NMAconigurio fond
[   .00000] kig a noe t [mem 0x00000000000000-x000003ffeffff]
[    0.000000] NOD_DTA0)allote [em 0xffb00-x3ffeff
[    0.00000]vm-cckUsing mrs4b4d01an 456d00[   00000 kvm-cck:cp 0, r 3ffe300, imry cpu lo
    .000] kvm-clk:singscd offset of 3198154996 cycles
[   0.0000] ocksrc: vm-clok:ma: 0xfffffffffff x_cycls: 0xcd2e4dfbmaxidlens885905143 
[   0.000] Zone rage
    00000   DMA   [em 0x000000000100x00000000ffff
[    .000]   DMA3  [mem 00000000100000-x000003ffff]
[  00000  oral  empy
[   0000]   Dic  empty
[   0.0000] Mabe zonestt orea nde
[   0.000] Eary mory ndeanges[  0.0000] nod  0:mem 00000000001000-000000009eff][    0.00]   node  0[mem0x00000000100000-0x00000003ffefff]
[   00000]niem stunoe 0 emx000000010000x000003feff
[   0.000] API PTierO rt 0x408    0.000]IOAPI0]apic_id 2, eron 32, adrss 0xc00000 G 023
  0.0000] PI INTSROV (bu 0usirq gbal_irq  dfldf
[   .0000]CP INTSROV (bus buirq 9 glbal_irq 9 low leve)
[  000000] UsngCP (MAT)foSMP onguatio ioration[  0.000000]smbot: Allowg  CPU, hoplugCP
    0.000]PM: Reisre nosavmery: [mem0x0000-00000f]
[  0.000] P Rgitered sa memor: em0x0009f00-x009ff][   0.000] PM: giteednosave memry [me0x0000000x00fff]
[    0.000000] PM: Registerednovememo: em 0x00f00-x000ffff
[   0.0000e820: [mem0x00000-0xbfff] avillefoPCdeices
[   00000]ooing pavtualzekenel n M
[  0.0000 ccksource: refnejiffesmak: 0fffff macycles: 0xffffff, max_idle_ns: 7645519600211568 ns
[    0.000000] setup_percpu: NR_CPUS:512 nr_cpumask_bits:512 nr_cpu_ids:2 nr_node_ids:1
[    0.000000] PERCPU: Embedded 34 pages/cpu @ffff8800c000 s994 812 d3158 048576
[  00000]  qspinochah blenrrie: 6 orde:  496 byts)[    00000 Buit zoelists n deorder, oblity gupg on.  Totl ge: 2513
[  000000] Poiczone:DM32[    .000] Krn cmandin BOOT_IMAE=oo/vmlnu4..0-116geri root=AB=coudg-otfs ro cooltty1 nse=ttyS0
[   .0000PID hashtae ntries:40 (rder: , 768 byts)
[    .000] Memory:10640K/181K availble (830K ernel cde139K rwdta 392K oda,1508K iit136K b, 480K rervd,0K cma-eservd)
[  00000 SUB Halign=64, Orr=0-3 MinObjecs=, CPUs2,Noes1   0.000] erelse pagtaes iolio: enable
   0.000000 Hrachal RU iplementatin.
[   00000] Bud-ime adjstntof lf nout to 4.
[   00000] 	RCU rstictig PUs ro NR_US12 to r_u_ds=2.
[   0.00000RC Adjti geomey r rcufautleaf64nrcpu_id=2
[  0.0000 N_IRQS:304 nrirq:440 16[   0.000]Consol cour VA+0x5
[  000000] onle [ty1 enaled
[  000000] cosoe tyS0] enbl
[    0.000000] tsc: Detected 2494.226 MHz processor
[   25.069125] Calibrating delay loop (skipped) preset value.. 4988.45 BogoMIPS (lpj=9976904)
[   25.215811] pid_max: default: 32768 minimum: 301
[   25.289462] ACPI: Core revision 20150930
[   25.313987] ACPI: 2 ACPI AML tables successfully acquired and loaded
[   25.448174] Security Framework initialized
[   25.499195] Yama: becoming mindful.
[   25.516836] AppArmor: AppArmor initialized
[   25.547958] Dentry cache hash table entries: 131072 (order: 8, 1048576 bytes)
[   25.670765] Inode-cache hash table entries: 65536 (order: 7, 524288 bytes)
[   25.799159] Mount-cache hash table entries: 2048 (order: 2, 16384 bytes)
[   25.948212] Mountpoint-cache hash table entries: 2048 (order: 2, 16384 bytes)
[   26.056620] Initializing cgroup subsys io
[   26.134797] Initializing cgroup subsys memory
[   26.218947] Initializing cgroup subsys devices
[   26.287911] Initializing cgroup subsys freezer
[   26.332262] Initializing cgroup subsys net_cls
[   26.364622] Initializing cgroup subsys perf_event
[   26.399928] Initializing cgroup subsys net_prio
[   26.423449] Initializing cgroup subsys hugetlb
[   26.424306] Initializing cgroup subsys pids
[   26.435511] CPU: Physical Processor ID: 0
[   26.522795] CPU: Processor Core ID: 0
[   26.551923] FEATURE SPEC_CTRL Not Present
[   26.561518] mce: CPU supports 0 MCE banks
[   26.619431] Last level iTLB entries: 4KB 1024, 2MB 1024, 4MB 1024
[   26.647678] Last level dTLB entries: 4KB 1024, 2MB 1024, 4MB 1024, 1GB 4
[   26.731635] Spectre V2 mitigation: Mitigation: Full generic retpoline
[   26.765447] Spectre V2 mitigation: Speculation control IBPB not-supported IBRS not-supported
[   26.834309] Freeing SMP alternatives memory: 32K
[   26.860076] ftrace: allocating 32186 entries in 126 pages
[   26.944458] smpboot: APIC(0) Converting physical 0 to logical package 0
[   27.068963] smpboot: Max logical packages: 1
[   27.153998] x2apic enabled
[   27.204337] Switched APIC routing to physical x2apic.
[   27.293359] ..TIMER: vector=0x30 apic1=0 pin1=2 apic2=-1 pin2=-1
[   27.491313] smpboot: CPU0: Intel(R) Core(TM) i7-4870HQ CPU @ 2.50GHz (family: 0x6, model: 0x46, stepping: 0x1)
[   27.634521] Performance Events: unsupported p6 CPU model 70 no PMU driver, software events only.
[   27.724125] KVM setup paravirtual spinlock
[   27.741151] x86: Booting SMP configuration:
[   27.741964] .... node  #0, CPUs:      #1
[   27.742856] kvm-clock: cpu 1, msr 0:3ffe3041, secondary cpu clock
[   27.803937] mce: CPU supports 0 MCE banks
[   27.848889] x86: Booted up 1 node, 2 CPUs
[   27.855391] smpboot: Total of 2 processors activated (9976.90 BogoMIPS)
[   27.886356] devtmpfs: initialized
[   27.889581] evm: security.selinux
[   27.899635] evm: security.SMACK64
[   27.909386] evm: security.SMACK64EXEC
[   27.913155] evm: security.SMACK64TRANSMUTE
[   27.916194] evm: security.SMACK64MMAP
[   27.920600] evm: security.ima
[   27.923881] evm: security.capability
[   27.932238] clocksource: jiffies: mask: 0xffffffff max_cycles: 0xffffffff, max_idle_ns: 7645041785100000 ns
[   27.943632] futex hash table entries: 512 (order: 3, 32768 bytes)
[   28.040510] pinctrl core: initialized pinctrl subsystem
[   28.116932] RTC time: 11:08:08, date: 03/28/18
[   28.192743] NET: Registered protocol family 16
[   28.288901] cpuidle: using governor ladder
[   28.389009] cpuidle: using governor menu
[   28.452452] PCCT header not found.
[   28.511547] ACPI: bus type PCI registered
[   28.576567] acpiphp: ACPI Hot Plug PCI Controller Driver version: 0.5
[   28.673517] PCI: Using configuration type 1 for base access
[   28.693339] ACPI: Added _OSI(Module Device)
[   28.760834] ACPI: Added _OSI(Processor Device)
[   28.774096] ACPI: Added _OSI(3.0 _SCP Extensions)
[   28.775210] ACPI: Added _OSI(Processor Aggregator Device)
[   28.777220] ACPI: Executed 1 blocks of module-level executable AML code
[   28.828728] ACPI: Interpreter enabled
[   28.838577] ACPI: (supports S0 S5)
[   28.891191] ACPI: Using IOAPIC for interrupt routing
[   28.982422] PCI: Using host bridge windows from ACPI; if necessary, use "pci=nocrs" and report a bug
[   29.129170] ACPI: PCI Root Bridge [PCI0] (domain 0000 [bus 00-ff])
[   29.238177] acpi PNP0A03:00: _OSC: OS supports [ASPM ClockPM Segments MSI]
[   29.370044] acpi PNP0A03:00: _OSC: not requesting OS control; OS requires [ExtendedConfig ASPM ClockPM MSI]
[   29.560649] acpi PNP0A03:00: fail to add MMCONFIG information, can't access extended PCI configuration space under this bridge.
[   29.776485] PCI host bridge to bus 0000:00
[   29.866416] pci_bus 0000:00: root bus resource [io  0x0000-0x0cf7 window]
[   29.917910] pci_bus 0000:00: root bus resource [io  0x0d00-0xffff window]
[   29.941031] pci_bus 0000:00: root bus resource [mem 0x000a0000-0x000bffff window]
[   29.957068] pci_bus 0000:00: root bus resource [mem 0x40000000-0xfdffffff window]
[   30.102927] pci_bus 0000:00: root bus resource [bus 00-ff]
[   30.200407] pci 0000:00:01.1: legacy IDE quirk: reg 0x10: [io  0x01f0-0x01f7]
[   30.321026] pci 0000:00:01.1: legacy IDE quirk: reg 0x14: [io  0x03f6]
[   30.437120] pci 0000:00:01.1: legacy IDE quirk: reg 0x18: [io  0x0170-0x0177]
[   30.572282] pci 0000:00:01.1: legacy IDE quirk: reg 0x1c: [io  0x0376]
[   30.706749] pci 0000:00:07.0: quirk: [io  0x4000-0x403f] claimed by PIIX4 ACPI
[   30.834479] pci 0000:00:07.0: quirk: [io  0x4100-0x410f] claimed by PIIX4 SMB
[   30.956680] ACPI: PCI Interrupt Link [LNKA] (IRQs 5 9 10 *11)
[   31.002100] ACPI: PCI Interrupt Link [LNKB] (IRQs 5 9 *10 11)
[   31.032815] ACPI: PCI Interrupt Link [LNKC] (IRQs 5 *9 10 11)
[   31.038903] ACPI: PCI Interrupt Link [LNKD] (IRQs 5 9 10 *11)
[   31.040438] ACPI: Enabled 2 GPEs in block 00 to 07
[   31.041755] vgaarb: setting as boot device: PCI:0000:00:02.0
[   31.080234] vgaarb: device added: PCI:0000:00:02.0,decodes=io+mem,owns=io+mem,locks=none
[   31.203915] vgaarb: loaded
[   31.242271] vgaarb: bridge control possible 0000:00:02.0
[   31.329575] SCSI subsystem initialized
[   31.393211] ACPI: bus type USB registered
[   31.462548] usbcore: registered new interface driver usbfs
[   31.566713] usbcore: registered new interface driver hub
[   31.665552] usbcore: registered new device driver usb
[   31.766069] PCI: Using ACPI for IRQ routing
[   31.850780] NetLabel: Initializing
[   31.907844] NetLabel:  domain hash size = 128
[   31.994545] NetLabel:  protocols = UNLABELED CIPSOv4
[   32.063790] NetLabel:  unlabeled traffic allowed by default
[   32.118196] amd_nb: Cannot enumerate AMD northbridges
[   32.166716] clocksource: Switched to clocksource kvm-clock
[   32908 AArorAprm FesteEnbled
[   32.783116] pnp: PP PIni
[ 32486]npPnACI: found 3 devices

[   33.246929] clocksource: acpi_pm: mask: 0xffffff max_cycles: 0xffffff, max_idle_ns: 2085701024 ns
[   33.457326] NET: Registered protocol family 2
[   33.575576] TCP established hash table entries: 8192 (order: 4, 65536 bytes)
[   33.772351] TCP bind hash table entries: 8192 (order: 5, 131072 bytes)
[   33.919102] TCP: Hash tables configured (established 8192 bind 8192)
[   34.113175] UDP hash tableeentries: 512 (order: 2, 16384 bytes)
[   34.276130] UDP-Lite hash table entries: 512 (order: 2, 16384 bytes)
[   34.315201] NET: Registered protocol family 1
[   34.325880] pci 0000:00:00.0: Limiting direct PCI/PCI transfers
[   34.343381] pci 0000:00:01.0: Activating ISA DMA hang workarounds
[   34.456123] Unpacking initramfs...
[   36.071459] Freeing initrd memory: 10892K
[   36.224581] platform rtc_cmos: registered platform RTC device (no PNP device found)
[   36.444759] Scanning for low memory corruption every 60 seconds
[   36.501455] audit: initializing netlink subsys (disabled)
[   36.526791] audit: type=2000 audit(1522235270.161:1): initialized
[   36.543262] Initialise system trusted keyring
[   36.544311] HugeTLB registered 2 MB page size, pre-allocated 0 pages
[   36.549633] zbud: loaded
[   36.7576] V: skuotas duo6.0
[   36.72] S:qu-chehash tae trs:51(oer, 96yts)
  37241]tsc:efedSCclksrccabrio 29.93 MHz
[   37.224203] clocksource: tsc: mask: 0xffffffffffffffff max_cycles: 0x23e1b77bee1, max_idle_ns: 440795282894 ns
[   38.525893] squashfs: version 4.0 (2009/01/31) Phillip Lougher
[   38.657397] fuse init (API version 7.23)
[   38.711443] Key type big_key registered
[   38.735192] Allocating IMA MOK and blacklist keyrings.
[   38.800989] Key type asymmetric registered
[   38.898012] Asymmetric key parser 'x509' registered
[   38.988692] Block layer SCSI generic (bsg) driver version 0.4 loaded (major 249)
[   39.142054] io scheduler noop registered
[   39.219381] io scheduler deadline registered (default)
[   39.323620] io scheduler cfq registered
[   .344] i_tpg:CIotlug PCI Core version: .5

[   3983835pchpPCExesHoPlg Cotrllerrir rsn: 0
  0.993]CP A Adate[A (n-ine)
[   40960]inutPor Buttn s /dviesNXYSM:/LPWN:/iut/np0
[  1.7324 AI:ow Bton [PRF
[ 4203716] inutSlee BtoasdeceLNYS:0LNLPN:/input/np1
[   42.88819] PISlp tt [LP
[   43.2002 ACPI: Battrylo[B0]baerpren
[   43809]GHES: HEST is notenle
[   43.952545] Serial: 8250/16550 driver, 32 ports, IRQ sharing enabled
[   44.044878] 00:02: ttyS0 at I/O 0x3f8 (irq = 4, base_baud = 115200) is a 16550A
[   44.205103] Linux agpgart interface v0.103
[   44.217746] loop: module loaded
[   44.233605] scsi host0: ata_piix
[   44.246169] scsi host1: ata_piix
[   44.253137] ata1: PATA max UDMA/33 cmd 0x1f0 ctl 0x3f6 bmdma 0xd000 irq 14
[   44.434681] ata2: PATA max UDMA/33 cmd 0x170 ctl 0x376 bmdma 0xd008 irq 15
[   44.633423] libphy: Fixed MDIO Bus: probed
[   44.677897] tun: Universal TUN/TAP device driver, 1.6
[   44.807798] tun: (C) 1999-2004 Max Krasnyansky <maxk@qualcomm.com>
[   44.985064] PPP generic driver version 2.4.2
[   45.147961] ehci_hcd: USB 2.0 'Enhanced' Host Controller (EHCI) Driver
[   45.213622] ehci-pci: EHCI PCI platform driver
[   45.297695] ehci-platform: EHCI generic platform driver
[   45.322550] ohci_hcd: USB 1.1 'Open' Host Controller (OHCI) Driver
[   45.345004] ohci-pci: OHCI PCI platform driver
[   45.435963] ohci-platform: OHCIggeneric platform driver
[   45.635166] uhci_hcd: USB Universal Host Controller Interface driver
[   45.642687] i8042: PNP: PS/2 Controller [PNP0303:PS2K,PNP0f03:PS2M] at 0x60,0x64 irq 1,12
[   45.891318] serio: i8042 KBD port at 0x60,0x64 irq 1
[   46.076191] serio: i8042 AUX port at 0x60,0x64 irq 12
[   46.262279] mousedev: PS/2 mouse device common for all mice
[   46.383284] input: AT Translated Set 2 keyboard as /devices/platform/i8042/serio0/input/input2
[   46.429249] rtc_cmos rtc_cmos: rtc core: registered rtc_cmos as rtc0
[   46.493230] rtc_cmos rtc_cmos: alarms up to one day, 114 bytes nvram
[   46.747479] i2c /dev entries driver
[   46.816739] device-mapper: uevent: version 1.0.3
[   46.833787] device-mapper: ioctl: 4.34.0-ioctl (2015-10-28) initialised: dm-devel@redhat.com
[   46.854670] ledtrig-cpu: registered to indicate activity on CPUs
[   46.868172] NET: Registered protocol family 10
[   46.887780] NET: Registered protocol family 17
[   46.900467] Key type dns_resolver registered
[   46.911939] microcode: CPU0 sig=0x40661, pf=0x40, revision=0x0
[   46.988526] microcode: CPU1 sig=0x40661, pf=0x40, revision=0x0
[   47.027514] microcode: Microcode Update Driver: v2.01 <tigran@aivazian.fsnet.co.uk>, Peter Oruba
[   47.058608] registered taskstats version 1
[   47.064682] Loading compiled-in X.509 certificates
[   47.088050] Loaded X.509 cert 'Build time autogenerated kernel key: aa84f01984fbd529c105810b59e379d349698248'
[   47.116821] zswap: loaded using pool lzo/zbud
[   47.152602] Key type trusted registered
[   47.190995] Key type encrypted registered
[   47.260548] AppArmor: AppArmor sha1 policy hashing enabled
[   47.382578] ima: No TPM chip found, activating TPM-bypass!
[   47.398295] evm: HMAC attrs: 0x1
[   47.406846]   Magic number: 10:316:126
[   47.425544] acpi device:01: hash matches
[   47.442585] rtc_cmos rtc_cmos: setting system clock to 2018-03-28 11:08:27 UTC (1522235307)
[   47.463112] BIOS EDD facility v0.16 2004-Jun-25, 0 devices found
[   47.512542] EDD information not available.
[   47.526013] Freeing unused kernel memory: 1508K
[   47.546579] Write protecting the kernel read-only data: 14336k
[   47.559226] Freeing unused kernel memory: 1700K
[   47.572996] Freeing unused kernel memory: 104K
Loading, please [   47.663582] random: systemd-udevd: uninitialized urandom read (16 bytes read, 4 bits of entropy available)
wait...
startin[   47.664101] random: udevadm: uninitialized urandom read (16 bytes read, 4 bits of entropy available)
g version 229
[   47.664120] random: udevadm: uninitialized urandom read (16 bytes read, 4 bits of entropy available)
[   47.670046] random: udevadm: uninitialized urandom read (16 bytes read, 4 bits of entropy available)
[   47.670080] random: udevadm: uninitialized urandom read (16 bytes read, 4 bits of entropy available)
[   47.670179] random: udevadm: uninitialized urandom read (16 bytes read, 4 bits of entropy available)
[   47.670216] random: udevadm: uninitialized urandom read (16 bytes read, 4 bits of entropy available)
[   47.670251] random: udevadm: uninitialized urandom read (16 bytes read, 4 bits of entropy available)
[   47.670287] random: udevadm: uninitialized urandom read (16 bytes read, 4 bits of entropy available)
[   47.670322] random: udevadm: uninitialized urandom read (16 bytes read, 4 bits of entropy available)
[   48.668636] Fusion MPT base driver 3.04.20
[   48.677315] Copyright (c) 1999-2008 LSI Corporation
[   48.726344] Fusion MPT SPI Host driver 3.04.20
[   48.803643] mptbase: ioc0: Initiating bringup
[   48.855498] e1000: Intel(R) PRO/1000 Network Driver - version 7.3.21-k8-NAPI
[   49.052163] e1000: Copyright (c) 1999-2006 Intel Corporation.
[   49.196369] input: ImExPS/2 Generic Explorer Mouse as /devices/platform/i8042/serio1/input/input4
[   49.418383] AVX2 version of gcm_enc/dec engaged.
[   49.515013] AES CTR mode by8 optimization enabled
[   49.651647] ioc0: LSI53C1030 A0: Capabilities={Initiator}
[   49.903980] scsi host2: ioc0: LSI53C1030 A0, FwRev=00000000h, Ports=1, MaxQ=256, IRQ=20
[   50.132449] scsi 2:0:0:0: Direct-Access     VBOX     HARDDISK         1.0  PQ: 0 ANSI: 5
[   50.339495] scsi target2:0:0: Beginning Domain Validation
[   50.487376] e1000 0000:00:03.0 eth0: (PCI:33MHz:32-bit) 02:8e:6d:ef:3b:89
[   50.487380] e1000 0000:00:03.0 eth0: Intel(R) PRO/1000 Network Connection
[   50.817594] scsi target2:0:0: Domain Validation skipping write tests
[   50.848624] e1000 0000:00:08.0 eth1: (PCI:33MHz:32-bit) 08:00:27:02:7d:72
[   50.848626] e1000 0000:00:08.0 eth1: Intel(R) PRO/1000 Network Connection
[   50.903545] e1000 0000:00:08.0 enp0s8: renamed from eth1
[   51.127248] scsi target2:0:0: Ending Domain Validation
[   51.228466] scsi target2:0:0: asynchronous
[   51.312091] scsi 2:0:1:0: Direct-Access     VBOX     HARDDISK         1.0  PQ: 0 ANSI: 5
[   51.319870] e1000 0000:00:03.0 enp0s3: renamed from eth0
[   51.545016] scsi target2:0:1: Beginning Domain Validation
[   51.640924] scsi target2:0:1: Domain Validation skipping write tests
[   51.760584] scsi target2:0:1: Ending Domain Validation
[   51.860767] floppy0: no floppy controllers found
[   51.927292] scsi target2:0:1: asynchronous
[   51.959154] sd 2:0:0:0: Attached scsi generic sg0 type 0
[   51.983819] sd 2:0:0:0: [sda] 20971520 512-byte logical blocks: (10.7 GB/10.0 GiB)
[   52.163238] sd 2:0:1:0: Attached scsi generic sg1 type 0
[   52.163447] sd 2:0:1:0: [sdb] 20480 512-byte logical blocks: (10.5 MB/10.0 MiB)
[   52.163797] sd 2:0:1:0: [sdb] Write Protect is off
[   52.164033] sd 2:0:1:0: [sdb] Incomplete mode parameter data
[   52.164034] sd 2:0:1:0: [sdb] Assuming drive cache: write through
[   52.166062] sd 2:0:1:0: [sdb] Attached SCSI disk
[   52.293550] sd 2:0:0:0: [sda] Write Protect is off
[   52.293747] sd 2:0:0:0: [sda] Incomplete mode parameter data
[   52.293748] sd 2:0:0:0: [sda] Assuming drive cache: write through
[   52.296289]  sda: sda1
[   52.297215] sd 2:0:0:0: [sda] Attached SCSI disk
Begin: Loading e[   54.392938] md: linear personality registered for level -1
ssential drivers[   54.555197] md: multipath personality registered for level -4
 ... [   54.683913] md: raid0 personality registered for level 0
[   54.798471] md: raid1 personality registered for level 1
[   54.965767] raid6: sse2x1   gen() 11255 MB/s
[   55.154839] raid6: sse2x1   xor()  8089 MB/s
[   55.315187] raid6: sse2x2   gen() 12292 MB/s
[   55.539934] raid6: sse2x2   xor()  9536 MB/s
[   55.714774] raid6: sse2x4   gen() 14257 MB/s
[   55.891085] raid6: sse2x4   xor() 10313 MB/s
[   56.063193] raid6: avx2x1   gen() 20523 MB/s
[   56.212243] raid6: avx2x2   gen() 24493 MB/s
[   56.382834] raid6: avx2x4   gen() 24199 MB/s
[   56.396386] raid6: using algorithm avx2x2 gen() 24493 MB/s
[   56.397451] raid6: using avx2x2 recovery algorithm
[   56.504753] xor: automatically using best checksumming function:
[   56.670852]    avx       : 22577.000 MB/sec
[   56.770740] async_tx: api initialized (async)
[   56.899936] md: raid6 personality registered for level 6
[   57.034262] md: raid5 personality registered for level 5
[   57.197298] md: raid4 personality registered for level 4
[   57.369307] md: raid10 personality registered for level 10
done.
Begin: Running /scripts/init-premount ... done.
Begin: Mounting root file sys[   57.487663] Btrfs loaded
tem ... Begin: Running /scripts/local-top ... done.
Begin: Running /scripts/local-premount ... Scanning for Btrfs filesystems
done.
Warning: fsck not present, so skipping ro[   57.537917] EXT4-fs (sda1): mounted filesystem with ordered data mode. Opts: (null)
ot file system
done.
Begin: Running /scripts/local-bottom ... done.
Begin: Running /scripts/init-bottom ... done.
[   57.837913] systemd[1]: systemd 229 running in system mode. (+PAM +AUDIT +SELINUX +IMA +APPARMOR +SMACK +SYSVINIT +UTMP +LIBCRYPTSETUP +GCRYPT +GNUTLS +ACL +XZ -LZ4 +SECCOMP +BLKID +ELFUTILS +KMOD -IDN)
[   58.080096] systemd[1]: Detected virtualization oracle.
[   58.098220] systemd[1]: Detected architecture x86-64.

Welcome to [1mUbuntu 16.04.4 LTS[0m!

[   58.165461] systemd[1]: Set hostname to <ubuntu>.
[   58.357294] systemd[1]: Initializing machine ID from random generator.
[   58.526897] systemd[1]: Installed transient /etc/machine-id file.
[   58.684257] systemd[1]: Listening on LVM2 metadata daemon socket.
[[0;32m  OK  [0m] Listening on LVM2 metadata daemon socket.
[   58.899983] systemd[1]: Set up automount Arbitrary Executable File Formats File System Automount Point.
[[0;32m  OK  [0m] Set up automount Arbitrary Executab...ats File System Automount Point.
[   59.227375] systemd[1]: Listening on Syslog Socket.
[[0;32m  OK  [0m] Listening on Syslog Socket.
[   59.419881] systemd[1]: Reached target Encrypted Volumes.
[[0;32m  OK  [0m] Reached target Encrypted Volumes.
[   59.619756] systemd[1]: Created slice User and Session Slice.
[[0;32m  OK  [0m] Created slice User and Session Slice.
[   59.678987] systemd[1]: Started Forward Password Requests to Wall Directory Watch.
[[0;32m  OK  [0m] Started Forward Password Requests to Wall Directory Watch.
[   59.763592] systemd[1]: Listening on udev Kernel Socket.
[[0;32m  OK  [0m] Listening on udev Kernel Socket.
[   59.979394] systemd[1]: Listening on Device-mapper event daemon FIFOs.
[[0;32m  OK  [0m] Listening on Device-mapper event daemon FIFOs.
[   60.159401] systemd[1]: Listening on LVM2 poll daemon socket.
[[0;32m  OK  [0m] Listening on LVM2 poll daemon socket.
[   60.327144] systemd[1]: Reached target Swap.
[[0;32m  OK  [0m] Reached target Swap.
[   60.431582] systemd[1]: Listening on Journal Socket.
[[0;32m  OK  [0m] Listening on Journal Socket.
[   60.519810] systemd[1]: Listening on udev Control Socket.
[[0;32m  OK  [0m] Listening on udev Control Socket.
[   60.543450] systemd[1]: Created slice System Slice.
[[0;32m  OK  [0m] Created slice System Slice.
[   60.603006] systemd[1]: Starting Uncomplicated firewall...
         Starting Uncomplicated firewall...
[   60.671379] systemd[1]: Starting Monitoring of LVM2 mirrors, snapshots etc. using dmeventd or progress polling...
[   60.673881] random: nonblocking pool is initialized
         Starting Monitoring of LVM2 mirrors... dmeventd or progress polling...
[   60.819391] systemd[1]: Starting Nameserver information manager...
         Starting Nameserver information manager...
[   60.939792] systemd[1]: Created slice system-serial\x2dgetty.slice.
[[0;32m  OK  [0m] Created slice system-serial\x2dgetty.slice.
[   61.071399] systemd[1]: Starting Remount Root and Kernel File Systems...
[   61.077835] EXT4-fs (sda1): re-mounted. Opts: (null)
         Starting Remount Root and Kernel File Systems...
[   61.203473] systemd[1]: Starting Set console keymap...
         Starting Set console keymap...
[   61.367100] systemd[1]: Reached target User and Group Name Lookups.
[[0;32m  OK  [0m] Reached target User and Group Name Lookups.
[   61.595418] systemd[1]: Starting Load Kernel Modules...
[   61.670] adiniSI rasprtla v0-0.
         Startin[   62.208260] iscsi: registered transport (tcp)
g Load Kernel Modules...
[   62.310445] iscsi: registered transport (iser)
[   63.287308] systemd[1]: Starting Create list of required static device nodes for the current kernel...
         Starting Create list of required st... nodes for the current kernel...
[   63.351039] systemd[1]: Started Trigger resolvconf update for networkd DNS.
[[0;32m  OK  [0m] Started Trigger resolvconf update for networkd DNS.
[   63.371463] systemd[1]: Mounting Debug File System...
         Mounting Debug File System...
[   63.539224] systemd[1]: Mounting POSIX Message Queue File System...
         Mounting POSIX Message Queue File System...
[   63.675352] systemd[1]: Listening on Journal Audit Socket.
[[0;32m  OK  [0m] Listening on Journal Audit Socket.
[   63.799274] systemd[1]: Listening on /dev/initctl Compatibility Named Pipe.
[[0;32m  OK  [0m] Listening on /dev/initctl Compatibility Named Pipe.
[   63.983168] systemd[1]: Mounting Huge Pages File System...
         Mounting Huge Pages File System...
[   64.091116] systemd[1]: Listening on Journal Socket (/dev/log).
[[0;32m  OK  [0m] Listening on Journal Socket (/dev/log).
[   64.139526] systemd[1]: Starting Journal Service...
         Starting Journal Service...
[   64.279591] systemd[1]: Reached target Slices.
[[0;32m  OK  [0m] Reached target Slices.
[   64.500149] systemd[1]: Mounted Debug File System.
[[0;32m  OK  [0m] Mounted Debug File System.
[   64.551355] systemd[1]: Mounted Huge Pages File System.
[[0;32m  OK  [0m] Mounted Huge Pages File System.
[   64.679875] systemd[1]: Mounted POSIX Message Queue File System.
[[0;32m  OK  [0m] Mounted POSIX Message Queue File System.
[   64.939662] systemd[1]: Started Journal Service.
[[0;32m  OK  [0m] Started Journal Service.
[[0;32m  OK  [0m] Started Uncomplicated firewall.
[[0;32m  OK  [0m] Started Remount Root and Kernel File Systems.
[[0;32m  OK  [0m] Started Set console keymap.
[[0;32m  OK  [0m] Started Load Kernel Modules.
[[0;32m  OK  [0m] Started Create list of required sta...ce nodes for the current kernel.
[[0;32m  OK  [0m] Started Nameserver information manager.
[[0;32m  OK  [0m] Started LVM2 metadata daemon.
         Starting Create Static Device Nodes in /dev...
         Mounting FUSE Control File System...
         Starting Apply Kernel Variables...
         Starting Load/Save Random Seed...
         Starting udev Coldplug all Devices...
         Starting Initial cloud-init job (pre-networking)...
         Starting Flush Journal to Persistent Storage...
[[0;32m  OK  [0m] Mounted FUSE Control File System.
[[0;32m  OK  [0m] Started Monitoring of LVM2 mirrors,...ng dmeventd or progress polling.
[[0;32m  OK  [0m] Started Create Static Device Nodes in /dev.
[[0;32m  OK  [0m] Started Apply Kernel Variables.
[[0;32m  OK  [0m] Started Load/Save Random Seed.
[[0;32m  OK  [0m] Started Flush Journal to Persistent Storage.
[[0;32m  OK  [0m] Started udev Coldplug all Devices.
         Starting udev Kernel Device Manager...
[[0;32m  OK  [0m] Started udev Kernel Device Manager.
[[0;32m  OK  [0m] Reached target Local File Systems (Pre).
[[0;32m  OK  [0m] Reached target Local File Systems.
         Starting Set console font and keymap...
         Starting Create Volatile Files and Directories...
         Starting Tell Plymouth To Write Out Runtime Data...
         Starting Commit a transient machine-id on disk...
         Starting LSB: AppArmor initialization...
[[0;32m  OK  [0m] Started Dispatch Password Requests to Console Directory Watch.
[[0;32m  OK  [0m] Started Set console font and keymap.
[   35.062804] cloud-init[459]: Cloud-init v. 17.2 running 'init-local' at Wed, 28 Mar 2018 11:08:46 +0000. Up 34.71 seconds.
[[0;32m  OK  [0m] Started Create Volatile Files and Directories.
[[0;32m  OK  [0m] Started Tell Plymouth To Write Out Runtime Data.
[[0;32m  OK  [0m] Started Commit a transient machine-id on disk.
[[0;32m  OK  [0m] Started Initial cloud-init job (pre-networking).
[[0;32m  OK  [0m] Found device /dev/ttyS0.
[[0;32m  OK  [0m] Listening on Load/Save RF Kill Switch Status /dev/rfkill Watch.
[[0;32m  OK  [0m] Reached target Network (Pre).
         Starting Update UTMP about System Boot/Shutdown...
[[0;32m  OK  [0m] Reached target System Time Synchronized.
[[0;32m  OK  [0m] Created slice system-getty.slice.
[[0;32m  OK  [0m] Started Update UTMP about System Boot/Shutdown.
[[0;32m  OK  [0m] Started LSB: AppArmor initialization.
         Starting Raise network interfaces...
[[0;32m  OK  [0m] Started Raise network interfaces.
[[0;32m  OK  [0m] Reached target Network.
         Starting Initial cloud-init job (metadata service crawler)...
[   38.708291] cloud-init[952]: Cloud-init v. 17.2 running 'init' at Wed, 28 Mar 2018 11:08:49 +0000. Up 38.17 seconds.
[[0;32m  OK  [0m] Started Initial cloud-init job (metadata service crawler).
[   38.831637] cloud-init[952]: ci-info: ++++++++++++++++++++++++++++++++++++++Net device info++++++++++++++++++++++++++++++++++++++
[   38.984730] cloud-init[952]: ci-info: +--------+-------+----------------------------+---------------+-------+-------------------+
[   39.084718] cloud-init[952]: ci-info: | Device |   Up  |          Address           |      Mask     | Scope |     Hw-Address    |
[   39.144819] cloud-init[952]: ci-info: +--------+-------+----------------------------+---------------+-------+-------------------+
[   39.244965] cloud-init[952]: ci-info: | enp0s3 |  True |         10.0.2.15          | 255.255.255.0 |   .   | 02:8e:6d:ef:3b:89 |
[[0;32m  OK  [0m] Reached target Cloud-config availability.
[[0;32m  OK  [0m] Reached target Network is Online.
[   39.287520] cloud-init[952]: ci-info: | enp0s3 |  True | fe80::8e:6dff:feef:3b89/64 |       .       |  link | 02:8e:6d:ef:3b:89 |
[   39.464729] cloud-init[952]: ci-info: | enp0s8 | False |             .              |       .       |   .   | 08:00:27:02:7d:72 |
[   39.548783] cloud-init[952]: ci-info: |   lo   |  True |         127.0.0.1          |   255.0.0.0   |   .   |         .         |
         Starting iSCSI initiator daemon (iscsid)...
[[0;32m  OK  [0m] Reached target System Initialization.
[[0;32m  OK  [0m] Listening on D-Bus System Message Bus Socket.
[   39.620303] cloud-init[952]: ci-info: |   lo   |  True |          ::1/128           |       .       |  host |         .         |
[   39.853093] cloud-init[952]: ci-info: +--------+-------+----------------------------+---------------+-------+-------------------+
[   39.945396] cloud-init[952]: ci-info: +++++++++++++++++++++++++++Route IPv4 info++++++++++++++++++++++++++++
         Starting Socket activation for snappy daemon.
[[0;32m  OK  [0m] Started Daily Cleanup of Temporary Directories.
[[0;32m  OK  [0m] Started Timer to automatically refresh installed snaps.
[   40.021090] cloud-init[952]: ci-info: +-------+-------------+----------+---------------+-----------+-------+
[   40.241736] cloud-init[952]: ci-info: | Route | Destination | Gateway  |    Genmask    | Interface | Flags |
[   40.303228] cloud-init[952]: ci-info: +-------+-------------+----------+---------------+-----------+-------+
[   40.348428] cloud-init[952]: ci-info: |   0   |   0.0.0.0   | 10.0.2.2 |    0.0.0.0    |   enp0s3  |   UG  |
[[0;32m  OK  [0m] Started ACPI Events Check.
[[0;32m  OK  [0m] Reached target Paths.
[[0;32m  OK  [0m] Listening on UUID daemon activation socket.
[   40.376947] cloud-init[952]: ci-info: |   1   |   10.0.2.0  | 0.0.0.0  | 255.255.255.0 |   enp0s3  |   U   |
[   40.572313] cloud-init[952]: ci-info: +-------+-------------+----------+---------------+-----------+-------+
[   40.649888] cloud-init[952]: Generating public/private rsa key pair.
[   40.696481] cloud-init[952]: Your identification has been saved in /etc/ssh/ssh_host_rsa_key.
[   40.764509] cloud-init[952]: Your public key has been saved in /etc/ssh/ssh_host_rsa_key.pub.
         Starting LXD - unix socket.
[[0;32m  OK  [0m] Listening on ACPID Listen Socket.
[[0;32m  OK  [0m] Started Daily apt download activities.
[   40.839233] cloud-init[952]: The key fingerprint is:
[   41.004436] cloud-init[952]: SHA256:f00wNqFOZEoqLMN+EdG4rX/KQuMdRgHtNqxPFy4DWBI root@ubuntu-xenial
[   41.072572] cloud-init[952]: The key's randomart image is:
[[0;32m  OK  [0m] Started Daily apt upgrade and clean activities.
[[0;32m  OK  [0m] Reached target Timers.
[   41.123106] cloud-init[952]: +---[RSA 2048]----+
[   41.252722] [cloud-init[0;32m  OK  [0m[952]: ] |  E.+*  . o .    |Listening on Socket activation for snappy daemon.

[[0;32m  OK  [0m] Listening on LXD - unix socket.
[[0;32m  OK  [0m] Started iSCSI initiator daemon (iscsid).
[   41.253345] cloud-init[952]: | ...o.+o + . .   |
[   41.482250]          cloud-initStarting Login to default iSCSI targets...[952]: 
|  +++=... o =    |
[   41.553928] [cloud-init[0;32m  OK  [0m[952]: ] | ..oooB .o . +   |Reached target Sockets.

[[0;32m  OK  [0m] Reached target Basic System.
[   41.554483] cloud-init[952]: |  . .* oS..   .  |
[   41.692294] cloud-init[952]: |   .= * o.   o   |
[[0;32m  OK  [0m] Started FUSE filesystem for LXC.
[   41.692811] cloud-init[952]: |   o B =  . . .  |
[   41.784367]          Starting LXD - container startup/shutdown...
cloud-init[952]: |    o.+ .  .     |
[   41.832700] [cloud-init[0;32m  OK  [0m[952]: ] |     .oo         |Started Unattended Upgrades Shutdown.

[   41.833155] cloud-init[952]: +----[SHA256]-----+
[   41.916471]          cloud-initStarting Pollinate to seed the pseudo random number generator...[952]: 
Generating public/private dsa key pair.
[   41.998300]          cloud-initStarting System Logging Service...[952]: 
Your identification has been saved in /etc/ssh/ssh_host_dsa_key.
[   42.044772] [[0;32m  OK  [0m] Started Regular background program processing daemon.
cloud-init[952]: Your public key has been saved in /etc/ssh/ssh_host_dsa_key.pub.
[   42.047570] cloud-init[952]: The key fingerprint is:
[   42.072238] [cloud-init[0;32m  OK  [0m[952]: ] SHA256:qSAsXEW76I587zo1EwY68J9wvwJaeitXNaOhEPkAGOk root@ubuntu-xenialStarted D-Bus System Message Bus.

[   42.072750] cloud-init[952]: The key's randomart image is:
[   42.140299]          cloud-initStarting Accounts Service...[952]: 
+---[DSA 1024]----+
[   42.160592]          cloud-initStarting LSB: MD monitoring daemon...[952]: 
|=+  .o           |
[   42.230221]          cloud-initStarting Login Service...[952]: 
|B  .. .          |
[[0;32m  OK  [0m] Started Deferred execution scheduler.
[   42.283520] cloud-init[952]: |o=....           |
[   42.333272]          cloud-initStarting LSB: Record successful boot for GRUB...[952]: 
|oE= +o=  .       |
[   42.361540]          cloud-initStarting /etc/rc.local Compatibility...[952]: 
|.o+*oB.oS        |
[   42.417455]          cloud-initStarting Apply the settings specified in cloud-config...[952]: 
| .=.==..         |
[[0;32m  OK  [0m] Started ACPI event daemon.
[   42.474348] cloud-init[952]: | + +. +.         |
         Starting Snappy daemon...
[[0;32m  OK  [0m] Started System Logging Service.
[[0;32m  OK  [0m] Started LXD - container startup/shutdown.
[[0;32m  OK  [0m] Started /etc/rc.local Compatibility.
[[0;32m  OK  [0m] Started Snappy daemon.
[   42.539144] cloud-init[952]: |= =o. .          |
[   42.706684] cloud-init[952]: | *o+=+           |
[   42.740410] cloud-init[952]: +----[SHA256]-----+
[   42.766980] cloud-init[952]: Generating public/private ecdsa key pair.
[[0;32m  OK  [0m] Started Login to default iSCSI targets.
[[0;32m  OK  [0m] Started LSB: MD monitoring daemon.
[   42.767929] cloud-init[952]: Your identification has been saved in /etc/ssh/ssh_host_ecdsa_key.
[   42.916542] [cloud-init[0;32m  OK  [0m[952]: ] Your public key has been saved in /etc/ssh/ssh_host_ecdsa_key.pub.Started LSB: Record successful boot for GRUB.

[   42.916959] cloud-init[952]: The key fingerprint is:
[   43.024285] [cloud-init[0;32m  OK  [0m[952]: ] SHA256:63BTOt/Ot4xfrlhavHZVUh0VJtCH8iTkbP1VumtJz4I root@ubuntu-xenialStarted Pollinate to seed the pseudo random number generator.

[   43.024712] cloud-init[952]: The key's randomart image is:
[   43.216457] cloud-init[952]: +---[ECDSA 256]---+
[   43.236246]          cloud-initStarting Authenticate and Authorize Users to Run Privileged Tasks...[952]: 
|          .oo..+B|
[   43.292176] cloud-init[952]: |          oo.+oo+|
         Starting OpenBSD Secure Shell server...
[   43.292919] cloud-init[952]: |           +=.o..|[
[0;32m  OK  [0m] Reached target Remote File Systems (Pre).
[[0;32m  OK  [0m] Reached target Remote File Systems.
[   43.329182] cloud-init[952]: |          .  .o.o|
[   43.468373]          cloud-initStarting Permit User Sessions...[952]: 
|        S .   oo.|
[   43.509683]          cloud-initStarting LSB: automatic crash report generation...[952]: 
|         +   + =.|
[   43.571049]          cloud-initStarting LSB: daemon to balance interrupts for SMP systems...[952]: 
|      . *   E O =|
         Starting LSB: Set the CPU Frequency Scaling governor to "ondemand"...
[   43.615605] cloud-init[952]: |       + + o Oo=.|
[   43.712864]          cloud-initStarting LSB: VirtualBox Linux Additions...[952]: 
|        . ..B+*+.|
[   43.737184] [cloud-init[0;32m  OK  [0m[952]: ] +----[SHA256]-----+Started OpenBSD Secure Shell server.

[   43.737533] cloud-init[952]: Generating public/private ed25519 key pair.
[   43.808756] [cloud-init[0;32m  OK  [0m[952]: ] Your identification has been saved in /etc/ssh/ssh_host_ed25519_key.Started Permit User Sessions.

[   43.809456] cloud-init[952]: Your public key has been saved in /etc/ssh/ssh_host_ed25519_key.pub.
[   44.008341] [cloud-init[0;32m  OK  [0m[952]: ] The key fingerprint is:Started Login Service.

[   44.009022] [cloud-init[0;32m  OK  [0m[952]: ] SHA256:NDtRxw3LjnOVvSNR8uQsxGsd1+LHBIdYCduiUWCmxdU root@ubuntu-xenialStarted Apply the settings specified in cloud-config.

[[0;32m  OK  [0m] Started Authenticate and Authorize Users to Run Privileged Tasks.
[   44.224514] cloud-init[952]: The key's randomart image is:
[[0;32m  OK  [0m] Started Accounts Service.
[   44.352364] cloud-init[952]: +--[ED25519 256]--+
[   44.428326] [cloud-init[0;32m  OK  [0m[952]: ] |         .*+BXo*o|Started LSB: Set the CPU Frequency Scaling governor to "ondemand".

[   44.428805] cloud-init[[0;32m  OK  [0m] Started LSB: automatic crash report generation.
[[0;32m  OK  [0m] Started LSB: daemon to balance interrupts for SMP systems.
[952]: |         *.++=E=+|
[   44.503278] [cloud-init[0;32m  OK  [0m[952]: ] |        = . =+*B+|Started LSB: VirtualBox Linux Additions.

[   44.601228] [cloud-init[0;32m  OK  [0m[952]: ] |       . + = =+.+|Created slice User Slice of vagrant.

[   44.601829] cloud-init[952]: |        S + +. + |
[   44.716766] cloud-init[952]: |         . o  . .|
[   44.717317] cloud-init[952]: |                 |
[[0;32m  OK  [0m] Started Session 1 of user vagrant.
[   44.717509] cloud-init[952]: |                 |
[   44.892785] cloud-init[952]: |                 |
[   44.893188] cloud-init[952]: +----[SHA256]-----+
         Starting User Manager for UID 1000...
[   44.899465] cloud-init[1135]: Generating locales (this might take a while)...
[   45.332994] cloud-init[1135]:   en_US.UTF-8... done
[   45.333885] cloud-init[1135]: Generation complete.
         Starting Terminate Plymouth Boot Screen...
[   45.334074] cloud-init[1135]: Cloud-init v. 17.2 running 'modules:config' at Wed, 28 Mar 2018 11:08:54 +0000. Up 42.69 seconds.
         Starting Hold until boot process finishes up...
[[0;32m  OK  [0m] Started User Manager for UID 1000.
[[0;32m  OK  [0m] Started Terminate Plymouth Boot Screen.
[[0;32m  OK  [0m] Started Hold until boot process finishes up.
[[0;32m  OK  [0m] Started Getty on tty1.
         Starting Set console scheme...
[[0;32m  OK  [0m] Started Serial Getty on ttyS0.
[[0;32m  OK  [0m] Reached target Login Prompts.
[[0;32m  OK  [0m] Reached target Multi-User System.
[[0;32m  OK  [0m] Reached target Graphical Interface.
         Starting Update UTMP about System Runlevel Changes...
         Starting Execute cloud user/final scripts...
[[0;32m  OK  [0m] Started Set console scheme.
[[0;32m  OK  [0m] Started Update UTMP about System Runlevel Changes.
ci-info: no authorized ssh keys fingerprints found for user ubuntu.
<14>Mar 28 11:08:58 ec2: 
<14>Mar 28 11:08:58 ec2: #############################################################
<14>Mar 28 11:08:58 ec2: -----BEGIN SSH HOST KEY FINGERPRINTS-----
<14>Mar 28 11:08:58 ec2: 1024 SHA256:qSAsXEW76I587zo1EwY68J9wvwJaeitXNaOhEPkAGOk root@ubuntu-xenial (DSA)
<14>Mar 28 11:08:58 ec2: 256 SHA256:63BTOt/Ot4xfrlhavHZVUh0VJtCH8iTkbP1VumtJz4I root@ubuntu-xenial (ECDSA)
<14>Mar 28 11:08:58 ec2: 256 SHA256:NDtRxw3LjnOVvSNR8uQsxGsd1+LHBIdYCduiUWCmxdU root@ubuntu-xenial (ED25519)
<14>Mar 28 11:08:58 ec2: 2048 SHA256:f00wNqFOZEoqLMN+EdG4rX/KQuMdRgHtNqxPFy4DWBI root@ubuntu-xenial (RSA)
<14>Mar 28 11:08:58 ec2: -----END SSH HOST KEY FINGERPRINTS-----
<14>Mar 28 11:08:58 ec2: #############################################################
-----BEGIN SSH HOST KEY KEYS-----
ecdsa-sha2-nistp256 AAAAE2VjZHNhLXNoYTItbmlzdHAyNTYAAAAIbmlzdHAyNTYAAABBBPXIY1F2RX9/tM9P/njh5gmNjzK3Vo+ijac0xK4tvSytKYe1xzyh3YiUStya4ahOnqjlsZH4sTrYjasmVyIuP5k= root@ubuntu-xenial
ssh-ed25519 AAAAC3NzaC1lZDI1NTE5AAAAICMBbyNEgBsOMJprQpcaHqi/3wCVih2i2wr8PHWlLVh2 root@ubuntu-xenial
ssh-rsa AAAAB3NzaC1yc2EAAAADAQABAAABAQC/yPQDKqHc71uzQlTXeYgo/sKjf6HbDiSLSi797XNuYb1v6SEq1HVq8yALSS7o85bxiZdYs08/DrMB2SmGMy5sdZr8OCKcHf+vyNpiOnahYrHgyXM8jKfrvU+WwschOc0E/FO6L7tHFcb1vZ//oe5CSSDYGoDBpkS71+UBNCVs3Koe3dOyPMnYcBwt/H3Qxjmp93zDVuK1ixBkw7Nzo9EHCRQpn75fL9aqfn7mMa5N25r4R0yx+RD7H9Q8JH4mALm+cAMJ1DY/dQY/cdtEtuYGw323XXYnvpZJZNloGa/WWTDKXZeug5WUKezRl9ETO6SMYB414ka6jyFGJr4/GqKP root@ubuntu-xenial
-----END SSH HOST KEY KEYS-----
[   47.320389] cloud-init[1315]: Cloud-init v. 17.2 running 'modules:final' at Wed, 28 Mar 2018 11:08:57 +0000. Up 46.37 seconds.
[   47.392738]          cloud-initStopping User Manager for UID 1000...[1315]: 
ci-info: no authorized ssh keys fingerprints found for user ubuntu.
[   47.483408] [cloud-init[0;32m  OK  [0m[1315]: ] Cloud-init v. 17.2 finished at Wed, 28 Mar 2018 11:08:58 +0000. Datasource DataSourceNoCloud [seed=/dev/sdb][dsmode=net].  Up 47.31 secondsStopped User Manager for UID 1000.

[[0;32m  OK  [0m] Started Execute cloud user/final scripts.
[[0;32m  OK  [0m] Removed slice User Slice of vagrant.
[[0;32m  OK  [0m] Reached target Cloud-init target.

Ubuntu 16.04.4 LTS ubuntu-xenial ttyS0

ubuntu-xenial login: 